jbcmp/build/outputs/logs/manifest-merger-debug-report.txt
-- Merging decision tree log ---
manifest
ADDED from src\main\AndroidManifest.xml:2:1-370:12
	package
		ADDED from src\main\AndroidManifest.xml:3:5-33
		INJECTED from src\main\AndroidManifest.xml
		INJECTED from src\main\AndroidManifest.xml
	android:versionName
		ADDED from src\main\AndroidManifest.xml:6:5-37
		INJECTED from src\main\AndroidManifest.xml
		INJECTED from src\main\AndroidManifest.xml
	android:versionCode
		ADDED from src\main\AndroidManifest.xml:5:5-28
		INJECTED from src\main\AndroidManifest.xml
		INJECTED from src\main\AndroidManifest.xml
	xmlns:android
		ADDED from src\main\AndroidManifest.xml:2:11-69
	android:installLocation
		ADDED from src\main\AndroidManifest.xml:4:5-35
uses-sdk
ADDED from src\main\AndroidManifest.xml:8:5-10:41
MERGED from [MainSpace:hsOA:unspecified] AndroidManifest.xml:7:5-9:41
MERGED from [MainSpace:hsFramework:unspecified] AndroidManifest.xml:7:5-9:41
MERGED from [MainSpace:photoView:unspecified] AndroidManifest.xml:7:5-9:40
MERGED from [MainSpace:viewPagerIndicator:unspecified] AndroidManifest.xml:7:5-9:41
MERGED from [MainSpace:hsUtils:unspecified] AndroidManifest.xml:7:5-9:41
	android:targetSdkVersion
		ADDED from src\main\AndroidManifest.xml:10:9-38
		INJECTED from src\main\AndroidManifest.xml
		INJECTED from src\main\AndroidManifest.xml
	android:minSdkVersion
		ADDED from src\main\AndroidManifest.xml:9:9-35
		INJECTED from src\main\AndroidManifest.xml
		INJECTED from src\main\AndroidManifest.xml
uses-permission#android.permission.INTERNET
ADDED from src\main\AndroidManifest.xml:12:5-67
	android:name
		ADDED from src\main\AndroidManifest.xml:12:22-64
uses-permission#android.permission.WRITE_EXTERNAL_STORAGE
ADDED from src\main\AndroidManifest.xml:13:5-80
	android:name
		ADDED from src\main\AndroidManifest.xml:13:22-78
uses-permission#android.permission.MOUNT_UNMOUNT_FILESYSTEMS
ADDED from src\main\AndroidManifest.xml:14:5-83
	android:name
		ADDED from src\main\AndroidManifest.xml:14:22-81
uses-permission#android.permission.CAMERA
ADDED from src\main\AndroidManifest.xml:15:5-64
	android:name
		ADDED from src\main\AndroidManifest.xml:15:22-62
uses-permission#android.permission.VIBRATE
ADDED from src\main\AndroidManifest.xml:16:5-65
	android:name
		ADDED from src\main\AndroidManifest.xml:16:22-63
uses-permission#android.permission.FLASHLIGHT
ADDED from src\main\AndroidManifest.xml:17:5-68
	android:name
		ADDED from src\main\AndroidManifest.xml:17:22-66
application
ADDED from src\main\AndroidManifest.xml:19:5-368:23
MERGED from [MainSpace:hsOA:unspecified] AndroidManifest.xml:11:5-16:19
MERGED from [MainSpace:hsFramework:unspecified] AndroidManifest.xml:11:5-15:19
MERGED from [MainSpace:photoView:unspecified] AndroidManifest.xml:11:5-55
MERGED from [MainSpace:hsUtils:unspecified] AndroidManifest.xml:11:5-16:19
	android:label
		ADDED from src\main\AndroidManifest.xml:23:9-41
	android:hardwareAccelerated
		ADDED from [MainSpace:photoView:unspecified] AndroidManifest.xml:11:18-52
	android:allowBackup
		ADDED from src\main\AndroidManifest.xml:21:9-35
	android:icon
		ADDED from src\main\AndroidManifest.xml:22:9-45
	android:theme
		ADDED from src\main\AndroidManifest.xml:24:9-40
	android:name
		ADDED from src\main\AndroidManifest.xml:20:9-73
activity#com.hungsum.jbboss.ui.activities.Activity_Welcome
ADDED from src\main\AndroidManifest.xml:29:9-37:20
	android:screenOrientation
		ADDED from src\main\AndroidManifest.xml:31:13-49
	android:name
		ADDED from src\main\AndroidManifest.xml:30:13-77
intent-filter#android.intent.action.MAIN+android.intent.category.LAUNCHER
ADDED from src\main\AndroidManifest.xml:32:13-36:29
action#android.intent.action.MAIN
ADDED from src\main\AndroidManifest.xml:33:17-69
	android:name
		ADDED from src\main\AndroidManifest.xml:33:25-66
category#android.intent.category.LAUNCHER
ADDED from src\main\AndroidManifest.xml:35:17-77
	android:name
		ADDED from src\main\AndroidManifest.xml:35:27-74
activity#com.hungsum.framework.ui.activities.HsActivity_Login
ADDED from src\main\AndroidManifest.xml:40:9-52:20
	android:screenOrientation
		ADDED from src\main\AndroidManifest.xml:42:13-49
	android:name
		ADDED from src\main\AndroidManifest.xml:41:13-80
intent-filter#android.intent.category.DEFAULT+com.hungsum.framework.intent.action.LOGIN+com.hungsum.jbcmp
ADDED from src\main\AndroidManifest.xml:43:13-51:29
action#com.hungsum.framework.intent.action.LOGIN
ADDED from src\main\AndroidManifest.xml:44:17-45:26
	android:name
		ADDED from src\main\AndroidManifest.xml:44:25-81
category#com.hungsum.jbcmp
ADDED from src\main\AndroidManifest.xml:47:17-48:28
	android:name
		ADDED from src\main\AndroidManifest.xml:47:27-59
category#android.intent.category.DEFAULT
ADDED from src\main\AndroidManifest.xml:49:17-50:28
	android:name
		ADDED from src\main\AndroidManifest.xml:49:27-73
activity#com.hungsum.jbboss.ui.activities.Activity_Jbboss_Main
ADDED from src\main\AndroidManifest.xml:55:9-66:20
	android:screenOrientation
		ADDED from src\main\AndroidManifest.xml:57:13-49
	android:name
		ADDED from src\main\AndroidManifest.xml:56:13-81
intent-filter#android.intent.category.DEFAULT+com.hungsum.framework.intent.action.MAIN+com.hungsum.jbcmp
ADDED from src\main\AndroidManifest.xml:58:13-65:29
action#com.hungsum.framework.intent.action.MAIN
ADDED from src\main\AndroidManifest.xml:59:17-60:26
	android:name
		ADDED from src\main\AndroidManifest.xml:59:25-80
activity#com.hungsum.jbboss.ui.activities.Activity_QueryCondition
ADDED from src\main\AndroidManifest.xml:69:9-78:20
	android:screenOrientation
		ADDED from src\main\AndroidManifest.xml:71:13-49
	android:name
		ADDED from src\main\AndroidManifest.xml:70:13-84
intent-filter#android.intent.category.DEFAULT+com.hungsum.framework.intent.action.QUERYCONDITION+com.hungsum.jbcmp
ADDED from src\main\AndroidManifest.xml:72:13-77:29
action#com.hungsum.framework.intent.action.QUERYCONDITION
ADDED from src\main\AndroidManifest.xml:73:17-101
	android:name
		ADDED from src\main\AndroidManifest.xml:73:25-90
activity#com.hungsum.framework.ui.activities.HsActivity_QueryResult
ADDED from src\main\AndroidManifest.xml:81:9-84:20
	android:screenOrientation
		ADDED from src\main\AndroidManifest.xml:83:13-49
	android:name
		ADDED from src\main\AndroidManifest.xml:82:13-86
activity#com.hungsum.framework.ui.activities.HsActivity_Config
ADDED from src\main\AndroidManifest.xml:87:9-90:20
	android:screenOrientation
		ADDED from src\main\AndroidManifest.xml:89:13-49
	android:name
		ADDED from src\main\AndroidManifest.xml:88:13-81
activity#com.hungsum.framework.ui.activities.HsActivity_ChangePassword
ADDED from src\main\AndroidManifest.xml:93:9-96:20
	android:screenOrientation
		ADDED from src\main\AndroidManifest.xml:95:13-49
	android:name
		ADDED from src\main\AndroidManifest.xml:94:13-89
activity#org.achartengine.GraphicalActivity
ADDED from src\main\AndroidManifest.xml:98:9-71
	android:name
		ADDED from src\main\AndroidManifest.xml:98:19-68
activity#com.hungsum.framework.ui.activities.HsActivity_Grid_HsBitmap
ADDED from src\main\AndroidManifest.xml:101:9-104:20
	android:screenOrientation
		ADDED from src\main\AndroidManifest.xml:103:13-49
	android:name
		ADDED from src\main\AndroidManifest.xml:102:13-88
activity#com.hungsum.framework.ui.activities.HsActivity_ShowImages
ADDED from src\main\AndroidManifest.xml:106:9-109:20
	android:screenOrientation
		ADDED from src\main\AndroidManifest.xml:108:13-49
	android:name
		ADDED from src\main\AndroidManifest.xml:107:13-85
activity#com.hungsum.framework.zxing.activity.MipcaActivityCapture
ADDED from src\main\AndroidManifest.xml:111:9-116:20
	android:screenOrientation
		ADDED from src\main\AndroidManifest.xml:114:13-49
	android:windowSoftInputMode
		ADDED from src\main\AndroidManifest.xml:115:13-60
	android:configChanges
		ADDED from src\main\AndroidManifest.xml:113:13-63
	android:name
		ADDED from src\main\AndroidManifest.xml:112:13-85
activity#com.hungsum.oa.ui.activities.rygl.HsActivity_List_HsRyda
ADDED from src\main\AndroidManifest.xml:125:9-128:20
	android:screenOrientation
		ADDED from src\main\AndroidManifest.xml:127:13-49
	android:name
		ADDED from src\main\AndroidManifest.xml:126:13-84
activity#com.hungsum.oa.ui.activities.rygl.HsActivity_DJ_HsRyda
ADDED from src\main\AndroidManifest.xml:129:9-132:20
	android:screenOrientation
		ADDED from src\main\AndroidManifest.xml:131:13-49
	android:name
		ADDED from src\main\AndroidManifest.xml:130:13-82
activity#com.hungsum.oa.ui.activities.rygl.HsActivity_List_HsRyldht
ADDED from src\main\AndroidManifest.xml:135:9-138:20
	android:screenOrientation
		ADDED from src\main\AndroidManifest.xml:137:13-49
	android:name
		ADDED from src\main\AndroidManifest.xml:136:13-86
activity#com.hungsum.oa.ui.activities.rygl.HsActivity_DJ_HsRyldht
ADDED from src\main\AndroidManifest.xml:139:9-142:20
	android:screenOrientation
		ADDED from src\main\AndroidManifest.xml:141:13-49
	android:name
		ADDED from src\main\AndroidManifest.xml:140:13-84
activity#com.hungsum.oa.ui.activities.rygl.HsActivity_List_HsRybmddjl
ADDED from src\main\AndroidManifest.xml:145:9-148:20
	android:screenOrientation
		ADDED from src\main\AndroidManifest.xml:147:13-49
	android:name
		ADDED from src\main\AndroidManifest.xml:146:13-88
activity#com.hungsum.oa.ui.activities.rygl.HsActivity_DJ_HsRybmddjl
ADDED from src\main\AndroidManifest.xml:149:9-152:20
	android:screenOrientation
		ADDED from src\main\AndroidManifest.xml:151:13-49
	android:name
		ADDED from src\main\AndroidManifest.xml:150:13-86
activity#com.hungsum.oa.ui.activities.rygl.HsActivity_List_HsRyzwddjl
ADDED from src\main\AndroidManifest.xml:155:9-158:20
	android:screenOrientation
		ADDED from src\main\AndroidManifest.xml:157:13-49
	android:name
		ADDED from src\main\AndroidManifest.xml:156:13-88
activity#com.hungsum.oa.ui.activities.rygl.HsActivity_DJ_HsRyzwddjl
ADDED from src\main\AndroidManifest.xml:159:9-162:20
	android:screenOrientation
		ADDED from src\main\AndroidManifest.xml:161:13-49
	android:name
		ADDED from src\main\AndroidManifest.xml:160:13-86
activity#com.hungsum.oa.ui.activities.rygl.HsActivity_List_HsRyjcjl
ADDED from src\main\AndroidManifest.xml:165:9-168:20
	android:screenOrientation
		ADDED from src\main\AndroidManifest.xml:167:13-49
	android:name
		ADDED from src\main\AndroidManifest.xml:166:13-86
activity#com.hungsum.oa.ui.activities.rygl.HsActivity_DJ_HsRyjcjl
ADDED from src\main\AndroidManifest.xml:169:9-172:20
	android:screenOrientation
		ADDED from src\main\AndroidManifest.xml:171:13-49
	android:name
		ADDED from src\main\AndroidManifest.xml:170:13-84
activity#com.hungsum.oa.ui.activities.rygl.HsActivity_List_HsRyxjjl_Operation
ADDED from src\main\AndroidManifest.xml:175:9-178:20
	android:screenOrientation
		ADDED from src\main\AndroidManifest.xml:177:13-49
	android:name
		ADDED from src\main\AndroidManifest.xml:176:13-96
activity#com.hungsum.oa.ui.activities.rygl.HsActivity_List_HsRyxjjl_Confirm
ADDED from src\main\AndroidManifest.xml:179:9-182:20
	android:screenOrientation
		ADDED from src\main\AndroidManifest.xml:181:13-49
	android:name
		ADDED from src\main\AndroidManifest.xml:180:13-94
activity#com.hungsum.oa.ui.activities.rygl.HsActivity_DJ_HsRyxjjl
ADDED from src\main\AndroidManifest.xml:183:9-186:20
	android:screenOrientation
		ADDED from src\main\AndroidManifest.xml:185:13-49
	android:name
		ADDED from src\main\AndroidManifest.xml:184:13-84
activity#com.hungsum.oa.ui.activities.rygl.HsActivity_List_HsRyztbhjl
ADDED from src\main\AndroidManifest.xml:189:9-192:20
	android:screenOrientation
		ADDED from src\main\AndroidManifest.xml:191:13-49
	android:name
		ADDED from src\main\AndroidManifest.xml:190:13-88
activity#com.hungsum.oa.ui.activities.rygl.HsActivity_DJ_HsRyztbhjl
ADDED from src\main\AndroidManifest.xml:193:9-196:20
	android:screenOrientation
		ADDED from src\main\AndroidManifest.xml:195:13-49
	android:name
		ADDED from src\main\AndroidManifest.xml:194:13-86
activity#com.hungsum.oa.ui.activities.rygl.HsActivity_List_HsRysyjl
ADDED from src\main\AndroidManifest.xml:199:9-202:20
	android:screenOrientation
		ADDED from src\main\AndroidManifest.xml:201:13-49
	android:name
		ADDED from src\main\AndroidManifest.xml:200:13-86
activity#com.hungsum.oa.ui.activities.rygl.HsActivity_DJ_HsRysyjl
ADDED from src\main\AndroidManifest.xml:203:9-206:20
	android:screenOrientation
		ADDED from src\main\AndroidManifest.xml:205:13-49
	android:name
		ADDED from src\main\AndroidManifest.xml:204:13-84
activity#com.hungsum.oa.ui.activities.clgl.HsActivity_List_HsClda
ADDED from src\main\AndroidManifest.xml:211:9-214:20
	android:screenOrientation
		ADDED from src\main\AndroidManifest.xml:213:13-49
	android:name
		ADDED from src\main\AndroidManifest.xml:212:13-84
activity#com.hungsum.oa.ui.activities.clgl.HsActivity_DJ_HsClda
ADDED from src\main\AndroidManifest.xml:215:9-218:20
	android:screenOrientation
		ADDED from src\main\AndroidManifest.xml:217:13-49
	android:name
		ADDED from src\main\AndroidManifest.xml:216:13-82
activity#com.hungsum.oa.ui.activities.clgl.HsActivity_List_HsClbmddjl
ADDED from src\main\AndroidManifest.xml:221:9-224:20
	android:screenOrientation
		ADDED from src\main\AndroidManifest.xml:223:13-49
	android:name
		ADDED from src\main\AndroidManifest.xml:222:13-88
activity#com.hungsum.oa.ui.activities.clgl.HsActivity_DJ_HsClbmddjl
ADDED from src\main\AndroidManifest.xml:225:9-228:20
	android:screenOrientation
		ADDED from src\main\AndroidManifest.xml:227:13-49
	android:name
		ADDED from src\main\AndroidManifest.xml:226:13-86
activity#com.hungsum.oa.ui.activities.clgl.HsActivity_List_HsClwbjl
ADDED from src\main\AndroidManifest.xml:231:9-234:20
	android:screenOrientation
		ADDED from src\main\AndroidManifest.xml:233:13-49
	android:name
		ADDED from src\main\AndroidManifest.xml:232:13-86
activity#com.hungsum.oa.ui.activities.clgl.HsActivity_DJ_HsClwbjl
ADDED from src\main\AndroidManifest.xml:235:9-238:20
	android:screenOrientation
		ADDED from src\main\AndroidManifest.xml:237:13-49
	android:name
		ADDED from src\main\AndroidManifest.xml:236:13-84
activity#com.hungsum.oa.ui.activities.clgl.HsActivity_List_HsClbxjl
ADDED from src\main\AndroidManifest.xml:241:9-244:20
	android:screenOrientation
		ADDED from src\main\AndroidManifest.xml:243:13-49
	android:name
		ADDED from src\main\AndroidManifest.xml:242:13-86
activity#com.hungsum.oa.ui.activities.clgl.HsActivity_DJ_HsClbxjl
ADDED from src\main\AndroidManifest.xml:245:9-248:20
	android:screenOrientation
		ADDED from src\main\AndroidManifest.xml:247:13-49
	android:name
		ADDED from src\main\AndroidManifest.xml:246:13-84
activity#com.hungsum.oa.ui.activities.clgl.HsActivity_List_HsClxsjl
ADDED from src\main\AndroidManifest.xml:251:9-254:20
	android:screenOrientation
		ADDED from src\main\AndroidManifest.xml:253:13-49
	android:name
		ADDED from src\main\AndroidManifest.xml:252:13-86
activity#com.hungsum.oa.ui.activities.clgl.HsActivity_DJ_HsClxsjl
ADDED from src\main\AndroidManifest.xml:255:9-258:20
	android:screenOrientation
		ADDED from src\main\AndroidManifest.xml:257:13-49
	android:name
		ADDED from src\main\AndroidManifest.xml:256:13-84
activity#com.hungsum.oa.ui.activities.clgl.HsActivity_List_HsClztbhjl
ADDED from src\main\AndroidManifest.xml:261:9-264:20
	android:screenOrientation
		ADDED from src\main\AndroidManifest.xml:263:13-49
	android:name
		ADDED from src\main\AndroidManifest.xml:262:13-88
activity#com.hungsum.oa.ui.activities.clgl.HsActivity_DJ_HsClztbhjl
ADDED from src\main\AndroidManifest.xml:265:9-268:20
	android:screenOrientation
		ADDED from src\main\AndroidManifest.xml:267:13-49
	android:name
		ADDED from src\main\AndroidManifest.xml:266:13-86
activity#com.hungsum.oa.ui.activities.clgl.HsActivity_List_HsClsyjl
ADDED from src\main\AndroidManifest.xml:271:9-274:20
	android:screenOrientation
		ADDED from src\main\AndroidManifest.xml:273:13-49
	android:name
		ADDED from src\main\AndroidManifest.xml:272:13-86
activity#com.hungsum.oa.ui.activities.clgl.HsActivity_DJ_HsClsyjl
ADDED from src\main\AndroidManifest.xml:275:9-278:20
	android:screenOrientation
		ADDED from src\main\AndroidManifest.xml:277:13-49
	android:name
		ADDED from src\main\AndroidManifest.xml:276:13-84
activity#com.hungsum.oa.workflow.ui.activities.HsActivity_List_Dbsx
ADDED from src\main\AndroidManifest.xml:283:9-286:20
	android:screenOrientation
		ADDED from src\main\AndroidManifest.xml:285:13-49
	android:name
		ADDED from src\main\AndroidManifest.xml:284:13-86
activity#com.hungsum.oa.workflow.ui.activities.HsActivity_List_HsLcspjls
ADDED from src\main\AndroidManifest.xml:289:9-292:20
	android:screenOrientation
		ADDED from src\main\AndroidManifest.xml:291:13-49
	android:name
		ADDED from src\main\AndroidManifest.xml:290:13-91
activity#com.hungsum.oa.workflow.ui.activities.HsActivity_DJ_HsLcspjl
ADDED from src\main\AndroidManifest.xml:295:9-298:20
	android:screenOrientation
		ADDED from src\main\AndroidManifest.xml:297:13-49
	android:name
		ADDED from src\main\AndroidManifest.xml:296:13-88
activity#com.hungsum.oa.workflow.ui.activities.HsActivity_DJ_HsLcbz
ADDED from src\main\AndroidManifest.xml:301:9-304:20
	android:screenOrientation
		ADDED from src\main\AndroidManifest.xml:303:13-49
	android:name
		ADDED from src\main\AndroidManifest.xml:302:13-86
activity#com.hungsum.oa.workflow.ui.activities.HsActivity_List_HsUserLcdj
ADDED from src\main\AndroidManifest.xml:307:9-310:20
	android:screenOrientation
		ADDED from src\main\AndroidManifest.xml:309:13-49
	android:name
		ADDED from src\main\AndroidManifest.xml:308:13-92
activity#com.hungsum.oa.workflow.ui.activities.HsActivity_DJ_HsUserLcdj
ADDED from src\main\AndroidManifest.xml:312:9-315:20
	android:screenOrientation
		ADDED from src\main\AndroidManifest.xml:314:13-49
	android:name
		ADDED from src\main\AndroidManifest.xml:313:13-90
activity#com.hungsum.oa.workflow.ui.activities.HsActivity_List_HsFyspd
ADDED from src\main\AndroidManifest.xml:318:9-321:20
	android:screenOrientation
		ADDED from src\main\AndroidManifest.xml:320:13-49
	android:name
		ADDED from src\main\AndroidManifest.xml:319:13-89
activity#com.hungsum.oa.workflow.ui.activities.HsActivity_DJ_HsFyspd
ADDED from src\main\AndroidManifest.xml:323:9-326:20
	android:screenOrientation
		ADDED from src\main\AndroidManifest.xml:325:13-49
	android:name
		ADDED from src\main\AndroidManifest.xml:324:13-87
activity#com.hungsum.jbboss.ui.activities.Activity_List_Dbsx
ADDED from src\main\AndroidManifest.xml:331:9-341:20
	android:screenOrientation
		ADDED from src\main\AndroidManifest.xml:333:13-49
	android:name
		ADDED from src\main\AndroidManifest.xml:332:13-79
intent-filter#android.intent.category.DEFAULT+com.hungsum.jbcmp+com.hungsum.oa.intent.action.DBSX
ADDED from src\main\AndroidManifest.xml:334:13-340:29
action#com.hungsum.oa.intent.action.DBSX
ADDED from src\main\AndroidManifest.xml:335:17-336:26
	android:name
		ADDED from src\main\AndroidManifest.xml:335:25-73
activity#com.hungsum.jbboss.ui.activities.Activity_List_JbKhzd
ADDED from src\main\AndroidManifest.xml:344:9-347:20
	android:screenOrientation
		ADDED from src\main\AndroidManifest.xml:346:13-49
	android:name
		ADDED from src\main\AndroidManifest.xml:345:13-81
activity#com.hungsum.jbboss.ui.activities.Activity_DJ_JbKhzd
ADDED from src\main\AndroidManifest.xml:348:9-351:20
	android:screenOrientation
		ADDED from src\main\AndroidManifest.xml:350:13-49
	android:name
		ADDED from src\main\AndroidManifest.xml:349:13-79
activity#com.hungsum.jbboss.ui.activities.Activity_List_JbSnydndj
ADDED from src\main\AndroidManifest.xml:354:9-357:20
	android:screenOrientation
		ADDED from src\main\AndroidManifest.xml:356:13-49
	android:name
		ADDED from src\main\AndroidManifest.xml:355:13-84
activity#com.hungsum.jbboss.ui.activities.Activity_DJ_JbSnydndj
ADDED from src\main\AndroidManifest.xml:358:9-361:20
	android:screenOrientation
		ADDED from src\main\AndroidManifest.xml:360:13-49
	android:name
		ADDED from src\main\AndroidManifest.xml:359:13-82
activity#com.hungsum.jbboss.ui.activities.Activity_DJ_JbSnydndjmx
ADDED from src\main\AndroidManifest.xml:362:9-365:20
	android:screenOrientation
		ADDED from src\main\AndroidManifest.xml:364:13-49
	android:name
		ADDED from src\main\AndroidManifest.xml:363:13-84